2025/08/04 10:14:05 Periodic backup service started. A backup will be created every 30 seconds.
2025/08/04 10:14:05 Daily reminder service started.
2025/08/04 10:14:05 Condition met. Sending daily reminder email...
2025/08/04 10:14:07 Reminder email sent successfully.
2025/08/04 10:17:40 Daily reminder service started.
2025/08/04 10:17:40 Condition met. Sending daily reminder email...
2025/08/04 10:17:40 Periodic backup service started. A backup will be created every 30 seconds.
2025/08/04 10:17:42 Reminder email sent successfully.
2025/08/04 10:18:56 Periodic backup service started. A backup will be created every 30 seconds.
2025/08/04 10:18:56 Daily reminder service started.
2025/08/04 19:06:55 Periodic backup service started. A backup will be created every 30 seconds.
2025/08/04 19:10:04 Running in reminder-only mode...
2025/08/04 19:10:04 Condition met (0 problems solved today). Sending daily reminder email...
2025/08/04 19:10:05 Reminder email sent successfully.
2025/08/04 19:10:05 Reminder check complete.
2025/08/04 19:25:32 Periodic backup service started. A backup will be created every 30 seconds.
2025/08/04 19:27:41 Periodic backup service started. A backup will be created every 30 minutes.2025/08/04 19:58:01 Running in reminder-only mode...
2025/08/04 19:58:01 Condition met (0 problems solved today). Sending daily reminder email...
2025/08/04 19:58:02 Reminder email sent successfully.
2025/08/04 19:58:02 Reminder check complete.
2025/08/04 20:10:17 Periodic backup service started. A backup will be created every 10 seconds.
2025/08/04 20:10:27 Ticker ticked. Performing backup...
2025/08/04 20:10:27 Successfully created backup: backups/backup-2025-08-04_20-10-27.json
2025/08/04 20:10:37 Ticker ticked. Performing backup...
2025/08/04 20:10:37 Successfully created backup: backups/backup-2025-08-04_20-10-37.json
2025/08/04 20:10:47 Ticker ticked. Performing backup...
2025/08/04 20:10:47 Successfully created backup: backups/backup-2025-08-04_20-10-47.json
2025/08/04 20:10:57 Ticker ticked. Performing backup...
2025/08/04 20:10:57 Successfully created backup: backups/backup-2025-08-04_20-10-57.json
2025/08/04 20:11:07 Ticker ticked. Performing backup...
2025/08/04 20:11:07 Successfully created backup: backups/backup-2025-08-04_20-11-07.json
2025/08/04 20:11:17 Ticker ticked. Performing backup...
2025/08/04 20:11:17 Successfully created backup: backups/backup-2025-08-04_20-11-17.json
2025/08/04 20:11:27 Ticker ticked. Performing backup...
2025/08/04 20:11:27 Successfully created backup: backups/backup-2025-08-04_20-11-27.json
2025/08/04 20:11:37 Ticker ticked. Performing backup...
2025/08/04 20:11:37 Successfully created backup: backups/backup-2025-08-04_20-11-37.json
2025/08/04 20:11:47 Ticker ticked. Performing backup...
2025/08/04 20:11:47 Successfully created backup: backups/backup-2025-08-04_20-11-47.json
2025/08/04 20:11:57 Ticker ticked. Performing backup...
2025/08/04 20:11:57 Successfully created backup: backups/backup-2025-08-04_20-11-57.json
2025/08/04 20:12:07 Ticker ticked. Performing backup...
2025/08/04 20:12:07 Successfully created backup: backups/backup-2025-08-04_20-12-07.json
2025/08/04 20:12:07 Deleting old backup: backup-2025-08-04_20-10-27.json
2025/08/04 20:12:17 Ticker ticked. Performing backup...
2025/08/04 20:12:17 Successfully created backup: backups/backup-2025-08-04_20-12-17.json
2025/08/04 20:12:17 Deleting old backup: backup-2025-08-04_20-10-37.json
2025/08/04 20:12:27 Ticker ticked. Performing backup...
2025/08/04 20:12:27 Successfully created backup: backups/backup-2025-08-04_20-12-27.json
2025/08/04 20:12:27 Deleting old backup: backup-2025-08-04_20-10-47.json
2025/08/04 20:12:37 Ticker ticked. Performing backup...
2025/08/04 20:12:37 Successfully created backup: backups/backup-2025-08-04_20-12-37.json
2025/08/04 20:12:37 Deleting old backup: backup-2025-08-04_20-10-57.json
2025/08/04 20:12:47 Ticker ticked. Performing backup...
2025/08/04 20:12:47 Successfully created backup: backups/backup-2025-08-04_20-12-47.json
2025/08/04 20:12:47 Deleting old backup: backup-2025-08-04_20-11-07.json
2025/08/04 20:12:57 Ticker ticked. Performing backup...
2025/08/04 20:12:57 Successfully created backup: backups/backup-2025-08-04_20-12-57.json
2025/08/04 20:12:57 Deleting old backup: backup-2025-08-04_20-11-17.json
2025/08/04 20:13:07 Ticker ticked. Performing backup...
2025/08/04 20:13:07 Successfully created backup: backups/backup-2025-08-04_20-13-07.json
2025/08/04 20:13:07 Deleting old backup: backup-2025-08-04_20-11-27.json
2025/08/04 20:13:17 Ticker ticked. Performing backup...
2025/08/04 20:13:17 Successfully created backup: backups/backup-2025-08-04_20-13-17.json
2025/08/04 20:13:17 Deleting old backup: backup-2025-08-04_20-11-37.json
2025/08/04 20:14:49 Periodic backup service started. A backup will be created every 10 seconds.
2025/08/04 20:14:59 Ticker ticked. Performing backup...
2025/08/04 20:14:59 Successfully created backup: backups/backup-2025-08-04_20-14-59.json
2025/08/04 20:15:09 Ticker ticked. Performing backup...
2025/08/04 20:15:09 Successfully created backup: backups/backup-2025-08-04_20-15-09.json
2025/08/04 20:15:19 Ticker ticked. Performing backup...
2025/08/04 20:15:19 Successfully created backup: backups/backup-2025-08-04_20-15-19.json
2025/08/04 20:15:29 Ticker ticked. Performing backup...
2025/08/04 20:15:29 Successfully created backup: backups/backup-2025-08-04_20-15-29.json
2025/08/04 20:15:39 Ticker ticked. Performing backup...
2025/08/04 20:15:39 Successfully created backup: backups/backup-2025-08-04_20-15-39.json
2025/08/04 20:15:49 Ticker ticked. Performing backup...
2025/08/04 20:15:49 Successfully created backup: backups/backup-2025-08-04_20-15-49.json
2025/08/04 20:15:59 Ticker ticked. Performing backup...
2025/08/04 20:15:59 Successfully created backup: backups/backup-2025-08-04_20-15-59.json
2025/08/04 20:16:09 Ticker ticked. Performing backup...
2025/08/04 20:16:09 Successfully created backup: backups/backup-2025-08-04_20-16-09.json
2025/08/04 20:16:19 Ticker ticked. Performing backup...
2025/08/04 20:16:19 Successfully created backup: backups/backup-2025-08-04_20-16-19.json
2025/08/04 20:16:29 Ticker ticked. Performing backup...
2025/08/04 20:16:29 Successfully created backup: backups/backup-2025-08-04_20-16-29.json
2025/08/04 20:16:39 Ticker ticked. Performing backup...
2025/08/04 20:16:39 Successfully created backup: backups/backup-2025-08-04_20-16-39.json
2025/08/04 20:16:39 Deleting old backup: backup-2025-08-04_20-14-59.json
2025/08/04 20:16:49 Ticker ticked. Performing backup...
2025/08/04 20:16:49 Successfully created backup: backups/backup-2025-08-04_20-16-49.json
2025/08/04 20:16:49 Deleting old backup: backup-2025-08-04_20-15-09.json
2025/08/04 20:16:59 Ticker ticked. Performing backup...
2025/08/04 20:16:59 Successfully created backup: backups/backup-2025-08-04_20-16-59.json
2025/08/04 20:16:59 Deleting old backup: backup-2025-08-04_20-15-19.json

2025/08/04 20:20:36 Periodic backup service started. A backup will be created every 30 minutes.
2025/08/04 20:23:21 Periodic backup service started. A backup will be created every 30 minutes.
2025/08/04 20:25:01 Running in reminder-only mode...
2025/08/04 20:25:01 Condition met (0 problems solved today). Sending daily reminder email...
2025/08/04 20:25:02 Reminder email sent successfully.
2025/08/04 20:25:02 Reminder check complete.
2025/08/04 20:38:36 Periodic backup service started. A backup will be created every 30 minutes.
2025/08/04 20:41:28 Periodic backup service started. A backup will be created every 30 minutes.
2025/08/04 20:43:34 Periodic backup service started. A backup will be created every 30 minutes.
